<?xml version="1.0" encoding="UTF-8"?><testsuite failures="0" name="cucumber.runtime.formatter.JUnitFormatter" skipped="0" tests="2" time="119.413174">
<testcase classname="Free CRM create contacts" name="Free CRM Create a new contact" time="50.872956">
<system-out><![CDATA[Given user is already on Login Page.........................................passed
When title of login page is Free CRM........................................passed
Then user enters "Rahuls1012" and "freecrm@1012"............................passed
Then user clicks on login button............................................passed
Then user is on home page...................................................passed
Then user moves to the contact page.........................................passed
Then user enters contact details "Tom" and "Peter" and "Manager"............passed
Then clicks on save button..................................................passed
Then Close the browser......................................................passed
]]></system-out>
</testcase>
<testcase classname="Free CRM create contacts" name="Free CRM Create a new contact 2" time="68.540218">
<system-out><![CDATA[Given user is already on Login Page.........................................passed
When title of login page is Free CRM........................................passed
Then user enters "Rahuls1012" and "freecrm@1012"............................passed
Then user clicks on login button............................................passed
Then user is on home page...................................................passed
Then user moves to the contact page.........................................passed
Then user enters contact details "David" and "Dsauza" and "Director"........passed
Then clicks on save button..................................................passed
Then Close the browser......................................................passed
]]></system-out>
</testcase>
</testsuite>
